<?xml version="1.0" encoding="UTF-8"?>
<!-- Generated by org.testng.reporters.JUnitReportReporter -->
<testsuite skipped="0" hostname="IBM-Testing01" name="demoWebShopPOM.LoginPageTest" tests="1" failures="0" timestamp="09 Jan 2020 04:09:51 GMT" time="16.316" errors="0">
  <testcase name="checklogin" time="16.316" classname="demoWebShopPOM.LoginPageTest"/>
</testsuite> <!-- demoWebShopPOM.LoginPageTest -->
