<?xml version="1.0" encoding="UTF-8"?>
<!-- Generated by org.testng.reporters.JUnitReportReporter -->
<testsuite skipped="0" hostname="IBM-Testing01" name="demoWebShopTests.RegisterPageTest" tests="1" failures="0" timestamp="09 Jan 2020 04:49:03 GMT" time="21.258" errors="0">
  <testcase name="checkregister" time="21.258" classname="demoWebShopTests.RegisterPageTest"/>
</testsuite> <!-- demoWebShopTests.RegisterPageTest -->
